Activity logged on Wed Jun  3 15:59:05 UTC 2026
Activity logged on Thu Jun  4 08:06:55 UTC 2026
Activity logged on Fri Jun  5 07:51:39 UTC 2026
Activity logged on Sat Jun  6 06:42:36 UTC 2026
Activity logged on Sun Jun  7 07:41:57 UTC 2026
Activity logged on Mon Jun  8 08:28:36 UTC 2026
Activity logged on Tue Jun  9 07:02:47 UTC 2026
Activity logged on Wed Jun 10 07:52:30 UTC 2026
Activity logged on Thu Jun 11 08:20:50 UTC 2026
Activity logged on Fri Jun 12 08:08:55 UTC 2026
Activity logged on Sat Jun 13 07:10:14 UTC 2026
Activity logged on Sun Jun 14 08:01:40 UTC 2026
Activity logged on Mon Jun 15 09:44:15 UTC 2026
Activity logged on Tue Jun 16 09:09:17 UTC 2026
Activity logged on Wed Jun 17 08:41:24 UTC 2026
Activity logged on Thu Jun 18 08:24:38 UTC 2026
Activity logged on Fri Jun 19 08:52:53 UTC 2026
Activity logged on Sat Jun 20 07:12:18 UTC 2026
Activity logged on Sun Jun 21 08:14:58 UTC 2026
Activity logged on Mon Jun 22 09:28:01 UTC 2026
Activity logged on Tue Jun 23 07:03:56 UTC 2026
Activity logged on Wed Jun 24 07:00:46 UTC 2026
Activity logged on Thu Jun 25 07:00:27 UTC 2026
Activity logged on Fri Jun 26 07:07:40 UTC 2026
Activity logged on Sat Jun 27 06:41:53 UTC 2026
Activity logged on Sun Jun 28 07:37:16 UTC 2026
Activity logged on Mon Jun 29 08:32:23 UTC 2026
Activity logged on Wed Jul  1 07:54:25 UTC 2026
Activity logged on Thu Jul  2 06:54:47 UTC 2026
Activity logged on Fri Jul  3 06:47:55 UTC 2026
Activity logged on Sat Jul  4 06:34:58 UTC 2026
Activity logged on Sun Jul  5 06:54:33 UTC 2026
Activity logged on Mon Jul  6 08:03:14 UTC 2026
Activity logged on Tue Jul  7 07:01:32 UTC 2026
Activity logged on Wed Jul  8 06:13:15 UTC 2026
Activity logged on Thu Jul  9 07:01:45 UTC 2026
Activity logged on Fri Jul 10 07:01:04 UTC 2026
Activity logged on Sat Jul 11 05:57:28 UTC 2026
Activity logged on Sun Jul 12 06:17:44 UTC 2026
Activity logged on Mon Jul 13 06:37:51 UTC 2026
Activity logged on Tue Jul 14 05:52:49 UTC 2026
Activity logged on Wed Jul 15 05:53:35 UTC 2026
